\BOOKMARK [1][-]{section.1}{Enumerating vs. Counting}{}% 1
\BOOKMARK [2][-]{subsection.1.1}{Example 1: Spanning Paths}{section.1}% 2
\BOOKMARK [2][-]{subsection.1.2}{Example 2: Blokus}{section.1}% 3
\BOOKMARK [3][-]{subsubsection.1.2.1}{Fingerprints}{subsection.1.2}% 4
\BOOKMARK [2][-]{subsection.1.3}{Example Spanning Trees on Ladders}{section.1}% 5
\BOOKMARK [1][-]{section.2}{Inclusion \205 Exclusion Principle}{}% 6
\BOOKMARK [2][-]{subsection.2.1}{Example: Multipliers}{section.2}% 7
\BOOKMARK [2][-]{subsection.2.2}{Example: Relatively Prime Numbers}{section.2}% 8
\BOOKMARK [2][-]{subsection.2.3}{Example: Number of Words}{section.2}% 9
\BOOKMARK [1][-]{section.3}{The Pigeon Hole Principle}{}% 10
\BOOKMARK [2][-]{subsection.3.1}{Example: People in Vienna}{section.3}% 11
\BOOKMARK [2][-]{subsection.3.2}{Example: Division of odd numbers}{section.3}% 12
\BOOKMARK [2][-]{subsection.3.3}{Example: Lossless Data Compression}{section.3}% 13
\BOOKMARK [1][-]{section.4}{Reverse Search}{}% 14
\BOOKMARK [2][-]{subsection.4.1}{Example: Triangulations}{section.4}% 15
\BOOKMARK [2][-]{subsection.4.2}{Basic Idea}{section.4}% 16
\BOOKMARK [2][-]{subsection.4.3}{Example: Poker Chips Stacking}{section.4}% 17
\BOOKMARK [2][-]{subsection.4.4}{Example: Tic Tac Toe}{section.4}% 18
\BOOKMARK [2][-]{subsection.4.5}{Example: Connect Four \(4 Gewinnt\)}{section.4}% 19
\BOOKMARK [2][-]{subsection.4.6}{Algorithm}{section.4}% 20
\BOOKMARK [2][-]{subsection.4.7}{Example: Triangulations}{section.4}% 21
